e:\work\c++\stl_task3\stl_task_2\x64\debug\stl_task_3.pch
e:\work\c++\stl_task3\stl_task_2\x64\debug\vc141.pdb
e:\work\c++\stl_task3\stl_task_2\x64\debug\vc141.idb
e:\work\c++\stl_task3\stl_task_2\x64\debug\stdafx.obj
e:\work\c++\stl_task3\stl_task_2\x64\debug\havepenifunctor.obj
e:\work\c++\stl_task3\stl_task_2\x64\debug\help_utils.obj
e:\work\c++\stl_task3\stl_task_2\x64\debug\housenumberfunctor.obj
e:\work\c++\stl_task3\stl_task_2\x64\debug\runtimeinfo.obj
e:\work\c++\stl_task3\stl_task_2\x64\debug\setapartmentnumbercommand.obj
e:\work\c++\stl_task3\stl_task_2\x64\debug\setblocknumbercommand.obj
e:\work\c++\stl_task3\stl_task_2\x64\debug\setdaycommand.obj
e:\work\c++\stl_task3\stl_task_2\x64\debug\setdelaydaysnumbercommand.obj
e:\work\c++\stl_task3\stl_task_2\x64\debug\sethousenumbercommand.obj
e:\work\c++\stl_task3\stl_task_2\x64\debug\setmanagerstatuscommand.obj
e:\work\c++\stl_task3\stl_task_2\x64\debug\setmonthcommand.obj
e:\work\c++\stl_task3\stl_task_2\x64\debug\setpaymentcommand.obj
e:\work\c++\stl_task3\stl_task_2\x64\debug\setpaymenttypecommand.obj
e:\work\c++\stl_task3\stl_task_2\x64\debug\setpenicommand.obj
e:\work\c++\stl_task3\stl_task_2\x64\debug\setstreetcommand.obj
e:\work\c++\stl_task3\stl_task_2\x64\debug\setsurnamecommand.obj
e:\work\c++\stl_task3\stl_task_2\x64\debug\setuserstatuscommand.obj
e:\work\c++\stl_task3\stl_task_2\x64\debug\setyearcommand.obj
e:\work\c++\stl_task3\stl_task_2\x64\debug\stl_task_2.obj
e:\work\c++\stl_task3\stl_task_2\x64\debug\surnamefunctor.obj
e:\work\c++\stl_task3\stl_task_2\x64\debug\abstractfunctorcreator.obj
e:\work\c++\stl_task3\stl_task_2\x64\debug\apartmentnumberfunctor.obj
e:\work\c++\stl_task3\stl_task_2\x64\debug\bill.obj
e:\work\c++\stl_task3\stl_task_2\x64\debug\command.obj
e:\work\c++\stl_task3\stl_task_2\x64\debug\commandlist.obj
e:\work\c++\stl_task3\stl_task_2\x64\debug\date.obj
e:\work\c++\stl_task3\stl_task_2\x64\debug\datefunctor.obj
e:\work\c++\stl_task3\stl_task_2\x64\debug\editrecordcommand.obj
e:\work\c++\stl_task3\stl_task_2\x64\debug\stl_task_3.obj
e:\work\c++\stl_task3\stl_task_2\x64\debug\stl_task_3.ilk
e:\work\c++\stl_task3\stl_task_2\x64\debug\stl_task_3.exe
e:\work\c++\stl_task3\stl_task_2\x64\debug\stl_task_3.pdb
e:\work\c++\stl_task3\stl_task_2\x64\debug\stl_task_3.tlog\cl.command.1.tlog
e:\work\c++\stl_task3\stl_task_2\x64\debug\stl_task_3.tlog\cl.read.1.tlog
e:\work\c++\stl_task3\stl_task_2\x64\debug\stl_task_3.tlog\cl.write.1.tlog
e:\work\c++\stl_task3\stl_task_2\x64\debug\stl_task_3.tlog\link.command.1.tlog
e:\work\c++\stl_task3\stl_task_2\x64\debug\stl_task_3.tlog\link.read.1.tlog
e:\work\c++\stl_task3\stl_task_2\x64\debug\stl_task_3.tlog\link.write.1.tlog
